<?xml version="1.0" encoding="UTF-8"?>
<testsuite xmlns:xsi="http://www.w3.org/2001/XMLSchema-instance" xsi:noNamespaceSchemaLocation="https://maven.apache.org/surefire/maven-surefire-plugin/xsd/surefire-test-report.xsd" name="com.mycompany.app.AppTest" time="0.046" tests="1" errors="0" skipped="0" failures="0">
  <properties>
    <property name="sun.desktop" value="gnome"/>
    <property name="awt.toolkit" value="sun.awt.X11.XToolkit"/>
    <property name="file.encoding.pkg" value="sun.io"/>
    <property name="java.specification.version" value="1.8"/>
    <property name="sun.cpu.isalist" value=""/>
    <property name="sun.jnu.encoding" value="UTF-8"/>
    <property name="java.class.path" value="/home/matheuscampanha/Documents/java-projects/my-app/target/test-classes:/home/matheuscampanha/Documents/java-projects/my-app/target/classes:/home/matheuscampanha/.m2/repository/junit/junit/4.12/junit-4.12.jar:/home/matheuscampanha/.m2/repository/org/hamcrest/hamcrest-core/1.3/hamcrest-core-1.3.jar:/home/matheuscampanha/.m2/repository/org/slf4j/slf4j-simple/1.7.25/slf4j-simple-1.7.25.jar:/home/matheuscampanha/.m2/repository/org/slf4j/slf4j-api/1.7.25/slf4j-api-1.7.25.jar:/home/matheuscampanha/.m2/repository/log4j/log4j/1.2.17/log4j-1.2.17.jar:/home/matheuscampanha/.m2/repository/org/apache/kafka/kafka-clients/1.0.1/kafka-clients-1.0.1.jar:/home/matheuscampanha/.m2/repository/org/lz4/lz4-java/1.4/lz4-java-1.4.jar:/home/matheuscampanha/.m2/repository/org/xerial/snappy/snappy-java/1.1.4/snappy-java-1.1.4.jar:/home/matheuscampanha/.m2/repository/commons-codec/commons-codec/1.9/commons-codec-1.9.jar:/home/matheuscampanha/.m2/repository/com/mashape/unirest/unirest-java/1.4.9/unirest-java-1.4.9.jar:/home/matheuscampanha/.m2/repository/org/apache/httpcomponents/httpclient/4.3.6/httpclient-4.3.6.jar:/home/matheuscampanha/.m2/repository/org/apache/httpcomponents/httpcore/4.3.3/httpcore-4.3.3.jar:/home/matheuscampanha/.m2/repository/commons-logging/commons-logging/1.1.3/commons-logging-1.1.3.jar:/home/matheuscampanha/.m2/repository/org/apache/httpcomponents/httpasyncclient/4.0.2/httpasyncclient-4.0.2.jar:/home/matheuscampanha/.m2/repository/org/apache/httpcomponents/httpcore-nio/4.3.2/httpcore-nio-4.3.2.jar:/home/matheuscampanha/.m2/repository/org/apache/httpcomponents/httpmime/4.3.6/httpmime-4.3.6.jar:/home/matheuscampanha/.m2/repository/org/json/json/20140107/json-20140107.jar:/home/matheuscampanha/.m2/repository/commons-io/commons-io/2.4/commons-io-2.4.jar:/home/matheuscampanha/.m2/repository/com/github/ben-manes/caffeine/caffeine/2.6.2/caffeine-2.6.2.jar:"/>
    <property name="java.vm.vendor" value="Oracle Corporation"/>
    <property name="sun.arch.data.model" value="64"/>
    <property name="java.vendor.url" value="http://java.oracle.com/"/>
    <property name="user.timezone" value=""/>
    <property name="user.country.format" value="BR"/>
    <property name="java.vm.specification.version" value="1.8"/>
    <property name="os.name" value="Linux"/>
    <property name="user.country" value="US"/>
    <property name="sun.java.launcher" value="SUN_STANDARD"/>
    <property name="sun.boot.library.path" value="/usr/lib/jvm/java-8-openjdk-amd64/jre/lib/amd64"/>
    <property name="sun.java.command" value="/home/matheuscampanha/Documents/java-projects/my-app/target/surefire/surefirebooter845607425459477477.jar /home/matheuscampanha/Documents/java-projects/my-app/target/surefire 2018-12-13T13-18-51_217-jvmRun1 surefire1836374105008069530tmp surefire_07638259831721147829tmp"/>
    <property name="surefire.test.class.path" value="/home/matheuscampanha/Documents/java-projects/my-app/target/test-classes:/home/matheuscampanha/Documents/java-projects/my-app/target/classes:/home/matheuscampanha/.m2/repository/junit/junit/4.12/junit-4.12.jar:/home/matheuscampanha/.m2/repository/org/hamcrest/hamcrest-core/1.3/hamcrest-core-1.3.jar:/home/matheuscampanha/.m2/repository/org/slf4j/slf4j-simple/1.7.25/slf4j-simple-1.7.25.jar:/home/matheuscampanha/.m2/repository/org/slf4j/slf4j-api/1.7.25/slf4j-api-1.7.25.jar:/home/matheuscampanha/.m2/repository/log4j/log4j/1.2.17/log4j-1.2.17.jar:/home/matheuscampanha/.m2/repository/org/apache/kafka/kafka-clients/1.0.1/kafka-clients-1.0.1.jar:/home/matheuscampanha/.m2/repository/org/lz4/lz4-java/1.4/lz4-java-1.4.jar:/home/matheuscampanha/.m2/repository/org/xerial/snappy/snappy-java/1.1.4/snappy-java-1.1.4.jar:/home/matheuscampanha/.m2/repository/commons-codec/commons-codec/1.9/commons-codec-1.9.jar:/home/matheuscampanha/.m2/repository/com/mashape/unirest/unirest-java/1.4.9/unirest-java-1.4.9.jar:/home/matheuscampanha/.m2/repository/org/apache/httpcomponents/httpclient/4.3.6/httpclient-4.3.6.jar:/home/matheuscampanha/.m2/repository/org/apache/httpcomponents/httpcore/4.3.3/httpcore-4.3.3.jar:/home/matheuscampanha/.m2/repository/commons-logging/commons-logging/1.1.3/commons-logging-1.1.3.jar:/home/matheuscampanha/.m2/repository/org/apache/httpcomponents/httpasyncclient/4.0.2/httpasyncclient-4.0.2.jar:/home/matheuscampanha/.m2/repository/org/apache/httpcomponents/httpcore-nio/4.3.2/httpcore-nio-4.3.2.jar:/home/matheuscampanha/.m2/repository/org/apache/httpcomponents/httpmime/4.3.6/httpmime-4.3.6.jar:/home/matheuscampanha/.m2/repository/org/json/json/20140107/json-20140107.jar:/home/matheuscampanha/.m2/repository/commons-io/commons-io/2.4/commons-io-2.4.jar:/home/matheuscampanha/.m2/repository/com/github/ben-manes/caffeine/caffeine/2.6.2/caffeine-2.6.2.jar:"/>
    <property name="sun.cpu.endian" value="little"/>
    <property name="user.home" value="/home/matheuscampanha"/>
    <property name="user.language" value="en"/>
    <property name="java.specification.vendor" value="Oracle Corporation"/>
    <property name="java.home" value="/usr/lib/jvm/java-8-openjdk-amd64/jre"/>
    <property name="basedir" value="/home/matheuscampanha/Documents/java-projects/my-app"/>
    <property name="file.separator" value="/"/>
    <property name="line.separator" value="&#10;"/>
    <property name="java.vm.specification.vendor" value="Oracle Corporation"/>
    <property name="java.specification.name" value="Java Platform API Specification"/>
    <property name="java.awt.graphicsenv" value="sun.awt.X11GraphicsEnvironment"/>
    <property name="surefire.real.class.path" value="/home/matheuscampanha/Documents/java-projects/my-app/target/surefire/surefirebooter845607425459477477.jar"/>
    <property name="sun.boot.class.path" value="/usr/lib/jvm/java-8-openjdk-amd64/jre/lib/resources.jar:/usr/lib/jvm/java-8-openjdk-amd64/jre/lib/rt.jar:/usr/lib/jvm/java-8-openjdk-amd64/jre/lib/sunrsasign.jar:/usr/lib/jvm/java-8-openjdk-amd64/jre/lib/jsse.jar:/usr/lib/jvm/java-8-openjdk-amd64/jre/lib/jce.jar:/usr/lib/jvm/java-8-openjdk-amd64/jre/lib/charsets.jar:/usr/lib/jvm/java-8-openjdk-amd64/jre/lib/jfr.jar:/usr/lib/jvm/java-8-openjdk-amd64/jre/classes"/>
    <property name="sun.management.compiler" value="HotSpot 64-Bit Tiered Compilers"/>
    <property name="java.runtime.version" value="1.8.0_191-8u191-b12-0ubuntu0.18.04.1-b12"/>
    <property name="user.name" value="matheuscampanha"/>
    <property name="path.separator" value=":"/>
    <property name="os.version" value="4.15.0-42-generic"/>
    <property name="java.endorsed.dirs" value="/usr/lib/jvm/java-8-openjdk-amd64/jre/lib/endorsed"/>
    <property name="java.runtime.name" value="OpenJDK Runtime Environment"/>
    <property name="file.encoding" value="UTF-8"/>
    <property name="java.vm.name" value="OpenJDK 64-Bit Server VM"/>
    <property name="localRepository" value="/home/matheuscampanha/.m2/repository"/>
    <property name="java.vendor.url.bug" value="http://bugreport.sun.com/bugreport/"/>
    <property name="java.io.tmpdir" value="/tmp"/>
    <property name="java.version" value="1.8.0_191"/>
    <property name="user.dir" value="/home/matheuscampanha/Documents/java-projects/my-app"/>
    <property name="os.arch" value="amd64"/>
    <property name="java.vm.specification.name" value="Java Virtual Machine Specification"/>
    <property name="java.awt.printerjob" value="sun.print.PSPrinterJob"/>
    <property name="user.language.format" value="pt"/>
    <property name="sun.os.patch.level" value="unknown"/>
    <property name="java.library.path" value="/usr/java/packages/lib/amd64:/usr/lib/x86_64-linux-gnu/jni:/lib/x86_64-linux-gnu:/usr/lib/x86_64-linux-gnu:/usr/lib/jni:/lib:/usr/lib"/>
    <property name="java.vm.info" value="mixed mode"/>
    <property name="java.vendor" value="Oracle Corporation"/>
    <property name="java.vm.version" value="25.191-b12"/>
    <property name="java.ext.dirs" value="/usr/lib/jvm/java-8-openjdk-amd64/jre/lib/ext:/usr/java/packages/lib/ext"/>
    <property name="sun.io.unicode.encoding" value="UnicodeLittle"/>
    <property name="java.class.version" value="52.0"/>
  </properties>
  <testcase name="shouldAnswerWithTrue" classname="com.mycompany.app.AppTest" time="0.001"/>
</testsuite>